20:14:10: Creating resource group General
20:14:10: Creating resource group Internal
20:14:10: Creating resource group Autodetect
20:14:10: SceneManagerFactory for type 'DefaultSceneManager' registered.
20:14:10: Registering ResourceManager for type Material
20:14:10: Registering ResourceManager for type Mesh
20:14:10: Registering ResourceManager for type Skeleton
20:14:10: MovableObjectFactory for type 'ParticleSystem' registered.
20:14:10: ArchiveFactory for archive type FileSystem registered.
20:14:10: ArchiveFactory for archive type Zip registered.
20:14:10: ArchiveFactory for archive type EmbeddedZip registered.
20:14:10: DDS codec registering
20:14:10: FreeImage version: 3.15.4
20:14:10: This program uses FreeImage, a free, open source image library supporting all common bitmap formats. See http://freeimage.sourceforge.net for details
20:14:10: Supported formats: bmp,ico,jpg,jif,jpeg,jpe,jng,koa,iff,lbm,mng,pbm,pbm,pcd,pcx,pgm,pgm,png,ppm,ppm,ras,tga,targa,tif,tiff,wap,wbmp,wbm,psd,cut,xbm,xpm,gif,hdr,g3,sgi,exr,j2k,j2c,jp2,pfm,pct,pict,pic,3fr,arw,bay,bmq,cap,cine,cr2,crw,cs1,dc2,dcr,drf,dsc,dng,erf,fff,ia,iiq,k25,kc2,kdc,mdc,mef,mos,mrw,nef,nrw,orf,pef,ptx,pxn,qtk,raf,raw,rdc,rw2,rwl,rwz,sr2,srf,srw,sti
20:14:10: Registering ResourceManager for type HighLevelGpuProgram
20:14:10: Registering ResourceManager for type Compositor
20:14:10: MovableObjectFactory for type 'Entity' registered.
20:14:10: MovableObjectFactory for type 'Light' registered.
20:14:10: MovableObjectFactory for type 'BillboardSet' registered.
20:14:10: MovableObjectFactory for type 'ManualObject' registered.
20:14:10: MovableObjectFactory for type 'BillboardChain' registered.
20:14:10: MovableObjectFactory for type 'RibbonTrail' registered.
20:14:10: Loading library /usr/lib/x86_64-linux-gnu/OGRE-1.9.0/RenderSystem_GL
20:14:10: Installing plugin: GL RenderSystem
20:14:10: OpenGL Rendering Subsystem created.
20:14:11: Plugin successfully installed
20:14:11: Loading library /usr/lib/x86_64-linux-gnu/OGRE-1.9.0/Plugin_ParticleFX
20:14:11: Installing plugin: ParticleFX
20:14:11: Particle Emitter Type 'Point' registered
20:14:11: Particle Emitter Type 'Box' registered
20:14:11: Particle Emitter Type 'Ellipsoid' registered
20:14:11: Particle Emitter Type 'Cylinder' registered
20:14:11: Particle Emitter Type 'Ring' registered
20:14:11: Particle Emitter Type 'HollowEllipsoid' registered
20:14:11: Particle Affector Type 'LinearForce' registered
20:14:11: Particle Affector Type 'ColourFader' registered
20:14:11: Particle Affector Type 'ColourFader2' registered
20:14:11: Particle Affector Type 'ColourImage' registered
20:14:11: Particle Affector Type 'ColourInterpolator' registered
20:14:11: Particle Affector Type 'Scaler' registered
20:14:11: Particle Affector Type 'Rotator' registered
20:14:11: Particle Affector Type 'DirectionRandomiser' registered
20:14:11: Particle Affector Type 'DeflectorPlane' registered
20:14:11: Plugin successfully installed
20:14:11: Loading library /usr/lib/x86_64-linux-gnu/OGRE-1.9.0/Plugin_BSPSceneManager
20:14:11: Installing plugin: BSP Scene Manager
20:14:11: Plugin successfully installed
20:14:11: Loading library /usr/lib/x86_64-linux-gnu/OGRE-1.9.0/Plugin_PCZSceneManager
20:14:11: Installing plugin: Portal Connected Zone Scene Manager
20:14:11: PCZone Factory Type 'ZoneType_Default' registered
20:14:11: Plugin successfully installed
20:14:11: Loading library /usr/lib/x86_64-linux-gnu/OGRE-1.9.0/Plugin_OctreeZone
20:14:11: Installing plugin: Octree Zone Factory
20:14:11: Plugin successfully installed
20:14:11: Loading library /usr/lib/x86_64-linux-gnu/OGRE-1.9.0/Plugin_OctreeSceneManager
20:14:11: Installing plugin: Octree Scene Manager
20:14:11: Plugin successfully installed
20:14:11: *-*-* OGRE Initialising
20:14:11: *-*-* Version 1.9.0 (Ghadamon)
20:14:11: Creating resource group Essential
20:14:11: Added resource location '/lusr/opt/ogre-1.9/share/OGRE/Media/thumbnails' of type 'FileSystem' to resource group 'Essential'
20:14:11: Added resource location '/lusr/opt/ogre-1.9/share/OGRE/Media/packs/SdkTrays.zip' of type 'Zip' to resource group 'Essential'
20:14:11: Added resource location '/lusr/opt/ogre-1.9/share/OGRE/Media/packs/profiler.zip' of type 'Zip' to resource group 'Essential'
20:14:11: Added resource location '/lusr/opt/ogre-1.9/share/OGRE/Media' of type 'FileSystem' to resource group 'General'
20:14:11: Creating resource group Popular
20:14:11: Added resource location '/lusr/opt/ogre-1.9/share/OGRE/Media/fonts' of type 'FileSystem' to resource group 'Popular'
20:14:11: Added resource location '/lusr/opt/ogre-1.9/share/OGRE/Media/materials/programs/GLSL' of type 'FileSystem' to resource group 'Popular'
20:14:11: Added resource location '/lusr/opt/ogre-1.9/share/OGRE/Media/materials/scripts' of type 'FileSystem' to resource group 'Popular'
20:14:11: Added resource location '/lusr/opt/ogre-1.9/share/OGRE/Media/materials/textures' of type 'FileSystem' to resource group 'Popular'
20:14:11: Added resource location '/lusr/opt/ogre-1.9/share/OGRE/Media/materials/textures/nvidia' of type 'FileSystem' to resource group 'Popular'
20:14:11: Added resource location '/lusr/opt/ogre-1.9/share/OGRE/Media/models' of type 'FileSystem' to resource group 'Popular'
20:14:11: Added resource location '/lusr/opt/ogre-1.9/share/OGRE/Media/particle' of type 'FileSystem' to resource group 'Popular'
20:14:11: Added resource location '/lusr/opt/ogre-1.9/share/OGRE/Media/DeferredShadingMedia' of type 'FileSystem' to resource group 'Popular'
20:14:11: Added resource location '/lusr/opt/ogre-1.9/share/OGRE/Media/PCZAppMedia' of type 'FileSystem' to resource group 'Popular'
20:14:11: Added resource location '/lusr/opt/ogre-1.9/share/OGRE/Media/RTShaderLib' of type 'FileSystem' to resource group 'Popular'
20:14:11: Added resource location '/lusr/opt/ogre-1.9/share/OGRE/Media/RTShaderLib/materials' of type 'FileSystem' to resource group 'Popular'
20:14:11: Added resource location '/lusr/opt/ogre-1.9/share/OGRE/Media/materials/scripts/SSAO' of type 'FileSystem' to resource group 'Popular'
20:14:11: Added resource location '/lusr/opt/ogre-1.9/share/OGRE/Media/materials/textures/SSAO' of type 'FileSystem' to resource group 'Popular'
20:14:11: Added resource location '/lusr/opt/ogre-1.9/share/OGRE/Media/volumeTerrain' of type 'FileSystem' to resource group 'Popular'
20:14:11: Added resource location './material' of type 'FileSystem' to resource group 'Popular'
20:14:11: Added resource location '/lusr/opt/ogre-1.9/share/OGRE/Media/packs/cubemap.zip' of type 'Zip' to resource group 'Popular'
20:14:11: Added resource location '/lusr/opt/ogre-1.9/share/OGRE/Media/packs/cubemapsJS.zip' of type 'Zip' to resource group 'Popular'
20:14:11: Added resource location '/lusr/opt/ogre-1.9/share/OGRE/Media/packs/dragon.zip' of type 'Zip' to resource group 'Popular'
20:14:11: Added resource location '/lusr/opt/ogre-1.9/share/OGRE/Media/packs/fresneldemo.zip' of type 'Zip' to resource group 'Popular'
20:14:11: Added resource location '/lusr/opt/ogre-1.9/share/OGRE/Media/packs/ogretestmap.zip' of type 'Zip' to resource group 'Popular'
20:14:11: Added resource location '/lusr/opt/ogre-1.9/share/OGRE/Media/packs/ogredance.zip' of type 'Zip' to resource group 'Popular'
20:14:11: Added resource location '/lusr/opt/ogre-1.9/share/OGRE/Media/packs/Sinbad.zip' of type 'Zip' to resource group 'Popular'
20:14:11: Added resource location '/lusr/opt/ogre-1.9/share/OGRE/Media/packs/skybox.zip' of type 'Zip' to resource group 'Popular'
20:14:11: Added resource location '/lusr/opt/ogre-1.9/share/OGRE/Media/volumeTerrain/volumeTerrainBig.zip' of type 'Zip' to resource group 'Popular'
20:14:11: Creating resource group Tests
20:14:11: Added resource location '/lusr/opt/ogre-1.9/Tests/Media' of type 'FileSystem' to resource group 'Tests'
20:14:19: CPU Identifier & Features
20:14:19: -------------------------
20:14:19:  *   CPU ID: GenuineIntel: Intel(R) Xeon(R) CPU E3-1270 V2 @ 3.50GHz
20:14:19:  *      SSE: yes
20:14:19:  *     SSE2: yes
20:14:19:  *     SSE3: yes
20:14:19:  *      MMX: yes
20:14:19:  *   MMXEXT: yes
20:14:19:  *    3DNOW: no
20:14:19:  * 3DNOWEXT: no
20:14:19:  *     CMOV: yes
20:14:19:  *      TSC: yes
20:14:19:  *      FPU: yes
20:14:19:  *      PRO: yes
20:14:19:  *       HT: no
20:14:19: -------------------------
20:14:19: ******************************
*** Starting GLX Subsystem ***
******************************
20:14:19: Registering ResourceManager for type Texture
20:14:19: GLRenderSystem::_createRenderWindow "TutorialApplication Render Window", 640x480 windowed  miscParams: FSAA=0 displayFrequency=50 Hz gamma=No vsync=No 
